  Building Custom Rule D:/Coding/C++/C++ Libraries/glfw/glfw/src/CMakeLists.txt
  CMake does not need to re-run because D:/Coding/C++/C++ Libraries/glfw/glfw/build_vs14_win64/src/CMakeFiles/generate.stamp is up-to-date.
  context.c
  init.c
  input.c
  monitor.c
  vulkan.c
  window.c
  win32_init.c
d:\coding\c++\c++ libraries\glfw\glfw\src\win32_init.c(585): warning C4550: expression evaluates to a function which is missing an argument list
  win32_joystick.c
  win32_monitor.c
  win32_time.c
  win32_thread.c
  win32_window.c
  wgl_context.c
  egl_context.c
  osmesa_context.c
  Generating Code...
  glfw.vcxproj -> D:\Coding\C++\C++ Workspace Visual Studio\Bomberman\x64\Release\glfw3.lib
